'Najdi lemmata končící na -nost\tpreloaded/cstenten23_mj2\t[lemma=".*nost"]\n'
On line 1
Traceback (most recent call last):
  File "/home/xmikusek/diploma-thesis/evaluation/model_evaluation/DeepSeek_R1_0528_v5/venv/lib64/python3.13/site-packages/requests/models.py", line 976, in json
    return complexjson.loads(self.text, **kwargs)
           ~~~~~~~~~~~~~~~~~^^^^^^^^^^^^^^^^^^^^^
  File "/usr/lib64/python3.13/json/__init__.py", line 346, in loads
    return _default_decoder.decode(s)
           ~~~~~~~~~~~~~~~~~~~~~~~^^^
  File "/usr/lib64/python3.13/json/decoder.py", line 345, in decode
    obj, end = self.raw_decode(s, idx=_w(s, 0).end())
               ~~~~~~~~~~~~~~~^^^^^^^^^^^^^^^^^^^^^^^
  File "/usr/lib64/python3.13/json/decoder.py", line 363, in raw_decode
    raise JSONDecodeError("Expecting value", s, err.value) from None
json.decoder.JSONDecodeError: Expecting value: line 1 column 1 (char 0)

During handling of the above exception, another exception occurred:

Traceback (most recent call last):
  File "/home/xmikusek/diploma-thesis/evaluation/model_evaluation/DeepSeek_R1_0528_v5/run_model.py", line 34, in <module>
    response = requests.get(f"https://api.sketchengine.eu/search/corp_info?corpname={corpus_url_component}&struct_attr_stats=1&subcorpora=1&gramrels=1&registry=1&format=json", headers=HEADERS).json()
  File "/home/xmikusek/diploma-thesis/evaluation/model_evaluation/DeepSeek_R1_0528_v5/venv/lib64/python3.13/site-packages/requests/models.py", line 980, in json
    raise RequestsJSONDecodeError(e.msg, e.doc, e.pos)
requests.exceptions.JSONDecodeError: Expecting value: line 1 column 1 (char 0)
